Arguments: 
  /usr/local/bin/node /usr/local/bin/yarn add mongoose inquirer commander

PATH: 
  /Library/Frameworks/Python.framework/Versions/3.6/bin:/usr/local/bin:/usr/bin:/bin:/usr/sbin:/sbin:/usr/local/share/dotnet:/Library/Frameworks/Mono.framework/Versions/Current/Commands:/Applications/Wireshark.app/Contents/MacOS

Yarn version: 
  1.3.2

Node version: 
  9.5.0

Platform: 
  darwin x64

npm manifest: 
  {
    "name": "contact-manager",
    "version": "1.0.0",
    "description": "A contacts manager",
    "main": "index.js",
    "author": "Shreyas Lad",
    "license": "MIT",
    "dependencies": {
      "commander": "^2.13.0",
      "inquirer": "^5.0.1"
    }
  }

yarn manifest: 
  No manifest

Lockfile: 
  No lockfile

Trace: 
  Error: EACCES: permission denied, mkdir '/Users/shreyaslad/Documents/contact-manager/node_modules/async'
